[32minfo[39m: [32mDB connected[39m
[32minfo[39m: [32mServer is listening on port 6000[39m
[32minfo[39m: [32mDB connected[39m
[32minfo[39m: [32mServer is listening on port 6000[39m
[32minfo[39m: [32mDB connected[39m
[32minfo[39m: [32mServer is listening on port 6000[39m
[31merror[39m: [31m[ERROR] - status: 500 - Msg: Cannot convert undefined or null to object[39m
[31merror[39m: [31m[ERROR] - status: 500 - Msg: Cannot convert undefined or null to object[39m
[31merror[39m: [31m[ERROR] - status: 500 - Msg: Cannot convert undefined or null to object[39m
[31merror[39m: [31m[ERROR] - status: 500 - Msg: Cannot convert undefined or null to object[39m
[32minfo[39m: [32mDB connected[39m
[32minfo[39m: [32mServer is listening on port 6000[39m
[32minfo[39m: [32mDB connected[39m
[32minfo[39m: [32mServer is listening on port 6000[39m
[32minfo[39m: [32mDB connected[39m
[32minfo[39m: [32mServer is listening on port 6000[39m
[32minfo[39m: [32mDB connected[39m
[32minfo[39m: [32mServer is listening on port 6000[39m
[32minfo[39m: [32mDB connected[39m
[32minfo[39m: [32mServer is listening on port 6000[39m
[32minfo[39m: [32mDB connected[39m
[32minfo[39m: [32mServer is listening on port 6000[39m
[32minfo[39m: [32mDB connected[39m
[32minfo[39m: [32mServer is listening on port 6000[39m
[32minfo[39m: [32mDB connected[39m
[32minfo[39m: [32mServer is listening on port 6000[39m
[32minfo[39m: [32mDB connected[39m
[32minfo[39m: [32mServer is listening on port 6000[39m
[32minfo[39m: [32mDB connected[39m
[32minfo[39m: [32mServer is listening on port 6000[39m
[32minfo[39m: [32mDB connected[39m
[32minfo[39m: [32mServer is listening on port 6000[39m
[32minfo[39m: [32mDB connected[39m
[32minfo[39m: [32mServer is listening on port 6000[39m
[32minfo[39m: [32mDB connected[39m
[32minfo[39m: [32mServer is listening on port 6000[39m
[32minfo[39m: [32mDB connected[39m
[32minfo[39m: [32mServer is listening on port 6000[39m
[32minfo[39m: [32mDB connected[39m
[32minfo[39m: [32mServer is listening on port 6000[39m
[32minfo[39m: [32mDB connected[39m
[32minfo[39m: [32mServer is listening on port 6000[39m
[32minfo[39m: [32mDB connected[39m
[32minfo[39m: [32mServer is listening on port 6000[39m
[32minfo[39m: [32mDB connected[39m
[32minfo[39m: [32mServer is listening on port 6000[39m
[32minfo[39m: [32mDB connected[39m
[32minfo[39m: [32mServer is listening on port 6000[39m
[32minfo[39m: [32mDB connected[39m
[32minfo[39m: [32mServer is listening on port 6000[39m
[32minfo[39m: [32mDB connected[39m
[32minfo[39m: [32mServer is listening on port 6000[39m
[32minfo[39m: [32mDB connected[39m
[32minfo[39m: [32mServer is listening on port 6000[39m
[32minfo[39m: [32mDB connected[39m
[32minfo[39m: [32mServer is listening on port 6000[39m
[32minfo[39m: [32mDB connected[39m
[32minfo[39m: [32mServer is listening on port 6000[39m
[32minfo[39m: [32mDB connected[39m
[32minfo[39m: [32mServer is listening on port 6000[39m
[31merror[39m: [31m[ERROR] - status: 400 - Msg: first_name should not be empty[39m
[32minfo[39m: [32mDB connected[39m
[32minfo[39m: [32mServer is listening on port 6000[39m
[32minfo[39m: [32mDB connected[39m
[32minfo[39m: [32mServer is listening on port 6000[39m
[32minfo[39m: [32mDB connected[39m
[32minfo[39m: [32mServer is listening on port 6000[39m
[31merror[39m: [31m[ERROR] - status: 400 - Msg: first_name should not be empty, last_name should not be empty[39m
[32minfo[39m: [32mDB connected[39m
[32minfo[39m: [32mServer is listening on port 6000[39m
[32minfo[39m: [32mDB connected[39m
[32minfo[39m: [32mServer is listening on port 6000[39m
[32minfo[39m: [32mDB connected[39m
[32minfo[39m: [32mServer is listening on port 6000[39m
[32minfo[39m: [32mDB connected[39m
[32minfo[39m: [32mServer is listening on port 6000[39m
[32minfo[39m: [32mDB connected[39m
[32minfo[39m: [32mServer is listening on port 6000[39m
[32minfo[39m: [32mDB connected[39m
[32minfo[39m: [32mServer is listening on port 6000[39m
[32minfo[39m: [32mDB connected[39m
[32minfo[39m: [32mServer is listening on port 6000[39m
[32minfo[39m: [32mDB connected[39m
[32minfo[39m: [32mServer is listening on port 6000[39m
[32minfo[39m: [32mDB connected[39m
[32minfo[39m: [32mServer is listening on port 6000[39m
[32minfo[39m: [32mDB connected[39m
[32minfo[39m: [32mServer is listening on port 6000[39m
[32minfo[39m: [32mDB connected[39m
[32minfo[39m: [32mServer is listening on port 6000[39m
[32minfo[39m: [32mDB connected[39m
[32minfo[39m: [32mServer is listening on port 6000[39m
[32minfo[39m: [32mDB connected[39m
[32minfo[39m: [32mServer is listening on port 6000[39m
[32minfo[39m: [32mDB connected[39m
[32minfo[39m: [32mServer is listening on port 6000[39m
[32minfo[39m: [32mDB connected[39m
[32minfo[39m: [32mServer is listening on port 6000[39m
[32minfo[39m: [32mDB connected[39m
[32minfo[39m: [32mServer is listening on port 6000[39m
[32minfo[39m: [32mDB connected[39m
[32minfo[39m: [32mServer is listening on port 6000[39m
[32minfo[39m: [32mDB connected[39m
[32minfo[39m: [32mServer is listening on port 6000[39m
[32minfo[39m: [32mDB connected[39m
[32minfo[39m: [32mServer is listening on port 6000[39m
[32minfo[39m: [32mDB connected[39m
[32minfo[39m: [32mServer is listening on port 6000[39m
[32minfo[39m: [32mDB connected[39m
[32minfo[39m: [32mServer is listening on port 6000[39m
[31merror[39m: [31m[ERROR] - status: 400 - Msg: credential is not valid[39m
[32minfo[39m: [32mDB connected[39m
[32minfo[39m: [32mServer is listening on port 6000[39m
[32minfo[39m: [32mDB connected[39m
[32minfo[39m: [32mServer is listening on port 6000[39m
[32minfo[39m: [32mDB connected[39m
[32minfo[39m: [32mServer is listening on port 6000[39m
[32minfo[39m: [32mDB connected[39m
[32minfo[39m: [32mServer is listening on port 6000[39m
[32minfo[39m: [32mDB connected[39m
[32minfo[39m: [32mServer is listening on port 6000[39m
[32minfo[39m: [32mDB connected[39m
[32minfo[39m: [32mServer is listening on port 6000[39m
[32minfo[39m: [32mDB connected[39m
[32minfo[39m: [32mServer is listening on port 6000[39m
[32minfo[39m: [32mDB connected[39m
[32minfo[39m: [32mServer is listening on port 6000[39m
[32minfo[39m: [32mDB connected[39m
[32minfo[39m: [32mServer is listening on port 6000[39m
[32minfo[39m: [32mDB connected[39m
[32minfo[39m: [32mServer is listening on port 6000[39m
[32minfo[39m: [32mDB connected[39m
[32minfo[39m: [32mServer is listening on port 6000[39m
[32minfo[39m: [32mDB connected[39m
[32minfo[39m: [32mServer is listening on port 6000[39m
[32minfo[39m: [32mDB connected[39m
[32minfo[39m: [32mServer is listening on port 6000[39m
[31merror[39m: [31m[ERROR] - status: 500 - Msg: Cast to ObjectId failed for value "{ userID: '647e806f63e4d26d57352f06' }" (type Object) at path "_id" for model "user"[39m
[32minfo[39m: [32mDB connected[39m
[32minfo[39m: [32mServer is listening on port 6000[39m
[31merror[39m: [31m[ERROR] - status: 500 - Msg: Cast to ObjectId failed for value "{ userID: '647e806f63e4d26d57352f06' }" (type Object) at path "_id" for model "user"[39m
[31merror[39m: [31m[ERROR] - status: 500 - Msg: Cast to ObjectId failed for value "{ userID: '647e806f63e4d26d57352f06' }" (type Object) at path "_id" for model "user"[39m
[31merror[39m: [31m[ERROR] - status: 500 - Msg: Cast to ObjectId failed for value "{ userID: '647e806f63e4d26d57352f06' }" (type Object) at path "_id" for model "user"[39m
[31merror[39m: [31m[ERROR] - status: 500 - Msg: Cast to ObjectId failed for value "{ userID: '647e806f63e4d26d57352f06' }" (type Object) at path "_id" for model "user"[39m
[31merror[39m: [31m[ERROR] - status: 500 - Msg: Cast to ObjectId failed for value "{ userID: '647e806f63e4d26d57352f06' }" (type Object) at path "_id" for model "user"[39m
[32minfo[39m: [32mDB connected[39m
[32minfo[39m: [32mServer is listening on port 6000[39m
[32minfo[39m: [32mDB connected[39m
[32minfo[39m: [32mServer is listening on port 6000[39m
[32minfo[39m: [32mDB connected[39m
[32minfo[39m: [32mServer is listening on port 6000[39m
[31merror[39m: [31m[ERROR] - status: 500 - Msg: Cast to ObjectId failed for value "{ userID: '647e806f63e4d26d57352f06' }" (type Object) at path "_id" for model "user"[39m
[32minfo[39m: [32mDB connected[39m
[32minfo[39m: [32mServer is listening on port 6000[39m
[31merror[39m: [31m[ERROR] - status: 400 - Msg: you must using the difference email[39m
[31merror[39m: [31m[ERROR] - status: 400 - Msg: you must using the difference email[39m
[32minfo[39m: [32mDB connected[39m
[32minfo[39m: [32mServer is listening on port 6000[39m
[32minfo[39m: [32mDB connected[39m
[32minfo[39m: [32mServer is listening on port 6000[39m
[32minfo[39m: [32mDB connected[39m
[32minfo[39m: [32mServer is listening on port 6000[39m
[32minfo[39m: [32mDB connected[39m
[32minfo[39m: [32mServer is listening on port 6000[39m
[32minfo[39m: [32mDB connected[39m
[32minfo[39m: [32mServer is listening on port 6000[39m
[32minfo[39m: [32mDB connected[39m
[32minfo[39m: [32mServer is listening on port 6000[39m
[32minfo[39m: [32mDB connected[39m
[32minfo[39m: [32mServer is listening on port 6000[39m
[32minfo[39m: [32mDB connected[39m
[32minfo[39m: [32mServer is listening on port 6000[39m
[32minfo[39m: [32mDB connected[39m
[32minfo[39m: [32mServer is listening on port 6000[39m
[32minfo[39m: [32mDB connected[39m
[32minfo[39m: [32mServer is listening on port 6000[39m
[31merror[39m: [31m[ERROR] - status: 409 - Msg: Your email doanfasdfahoanng@gmail.com already exist.[39m
[31merror[39m: [31m[ERROR] - status: 409 - Msg: Your email doanfasdfahoanng@gmail.com already exist.[39m
[31merror[39m: [31m[ERROR] - status: 409 - Msg: Your email doanfasdfahoanng@gmail.com already exist.[39m
[31merror[39m: [31m[ERROR] - status: 409 - Msg: Your email doanfasdfahoanng@gmail.com already exist.[39m
[31merror[39m: [31m[ERROR] - status: 500 - Msg: BSON field 'skip' value must be >= 0, actual value '-9'[39m
[32minfo[39m: [32mDB connected[39m
[32minfo[39m: [32mServer is listening on port 6000[39m
[31merror[39m: [31m[ERROR] - status: 500 - Msg: BSON field 'skip' value must be >= 0, actual value '-9'[39m
[32minfo[39m: [32mDB connected[39m
[32minfo[39m: [32mServer is listening on port 6000[39m
[32minfo[39m: [32mDB connected[39m
[32minfo[39m: [32mServer is listening on port 6000[39m
[31merror[39m: [31m[ERROR] - status: 500 - Msg: Query was already executed: user.estimatedDocumentCount()[39m
[32minfo[39m: [32mDB connected[39m
[32minfo[39m: [32mServer is listening on port 6000[39m
[31merror[39m: [31m[ERROR] - status: 500 - Msg: Query was already executed: user.countDocuments({})[39m
[32minfo[39m: [32mDB connected[39m
[32minfo[39m: [32mServer is listening on port 6000[39m
[32minfo[39m: [32mDB connected[39m
[32minfo[39m: [32mServer is listening on port 6000[39m
[31merror[39m: [31m[ERROR] - status: 500 - Msg: Query was already executed: user.countDocuments({})[39m
[31merror[39m: [31m[ERROR] - status: 500 - Msg: Query was already executed: user.countDocuments({})[39m
[32minfo[39m: [32mDB connected[39m
[32minfo[39m: [32mServer is listening on port 6000[39m
[31merror[39m: [31m[ERROR] - status: 500 - Msg: Query was already executed: user.countDocuments({})[39m
[31merror[39m: [31m[ERROR] - status: 500 - Msg: Query was already executed: user.countDocuments({})[39m
[31merror[39m: [31m[ERROR] - status: 500 - Msg: Query was already executed: user.countDocuments({})[39m
[32minfo[39m: [32mDB connected[39m
[32minfo[39m: [32mServer is listening on port 6000[39m
[32minfo[39m: [32mDB connected[39m
[32minfo[39m: [32mServer is listening on port 6000[39m
[32minfo[39m: [32mDB connected[39m
[32minfo[39m: [32mServer is listening on port 6000[39m
[32minfo[39m: [32mDB connected[39m
[32minfo[39m: [32mServer is listening on port 6000[39m
[31merror[39m: [31m[ERROR] - status: 500 - Msg: Query was already executed: user.countDocuments({})[39m
[31merror[39m: [31m[ERROR] - status: 500 - Msg: Query was already executed: user.countDocuments({})[39m
[32minfo[39m: [32mDB connected[39m
[32minfo[39m: [32mServer is listening on port 6000[39m
[31merror[39m: [31m[ERROR] - status: 500 - Msg: Query was already executed: user.countDocuments({})[39m
[32minfo[39m: [32mDB connected[39m
[32minfo[39m: [32mServer is listening on port 6000[39m
[31merror[39m: [31m[ERROR] - status: 500 - Msg: Query was already executed: user.countDocuments({})[39m
[31merror[39m: [31m[ERROR] - status: 500 - Msg: Query was already executed: user.countDocuments({})[39m
[32minfo[39m: [32mDB connected[39m
[32minfo[39m: [32mServer is listening on port 6000[39m
[32minfo[39m: [32mDB connected[39m
[32minfo[39m: [32mServer is listening on port 6000[39m
